2020-05-10 06:03:22: Starting Pump
2020-05-10 06:03:22: Starting sprinkler: front
2020-05-10 06:08:42: Stopping sprinkler: front
2020-05-10 06:08:42: Starting sprinkler: terrace
2020-05-10 06:14:02: Stopping sprinkler: terrace
2020-05-10 06:14:02: Starting sprinkler: japanese
2020-05-10 06:19:22: Stopping sprinkler: japanese
2020-05-10 06:19:22: Starting sprinkler: grill-kitchen
2020-05-10 06:24:42: Stopping sprinkler: grill-kitchen
2020-05-10 06:24:42: Starting sprinkler: fruit-1
2020-05-10 06:30:02: Stopping sprinkler: fruit-1
2020-05-10 06:30:02: Starting sprinkler: fruit-2
2020-05-10 06:35:23: Stopping sprinkler: fruit-2
2020-05-10 06:35:23: Starting sprinkler: backup
2020-05-10 06:40:43: Stopping sprinkler: backup
2020-05-10 06:40:43: Stopping Pump
2020-05-10 10:50:02: Starting Pump
2020-05-10 10:50:02: An error has occurred: No section: '2' 
2020-05-10 11:20:26: Starting Pump
2020-05-10 11:20:26: Starting sprinkler: front
2020-05-10 11:25:33: Starting Pump
2020-05-10 11:25:33: Starting sprinkler: front
2020-05-10 11:26:23: Starting Pump
2020-05-10 11:26:23: Starting sprinkler: front
2020-05-10 11:26:29: Stopping sprinkler: front
2020-05-10 11:26:29: Starting sprinkler: terrace
2020-05-10 11:26:35: Stopping sprinkler: terrace
2020-05-10 11:26:35: Starting sprinkler: japanese
2020-05-10 11:26:41: Stopping sprinkler: japanese
2020-05-10 11:26:41: Starting sprinkler: grill-kitchen
2020-05-10 11:26:47: Stopping sprinkler: grill-kitchen
2020-05-10 11:26:47: Starting sprinkler: fruit-1
2020-05-10 11:26:53: Stopping sprinkler: fruit-1
2020-05-10 11:26:53: Starting sprinkler: fruit-2
2020-05-10 11:26:59: Stopping sprinkler: fruit-2
2020-05-10 11:26:59: Starting sprinkler: backup
2020-05-10 11:27:05: Stopping sprinkler: backup
2020-05-10 11:27:05: Stopping Pump
Starting new run now: 2020-05-10 11:29:21
2020-05-10 11:29:21: Starting Pump
2020-05-10 11:29:21: Starting sprinkler: front
2020-05-10 11:29:27: Stopping sprinkler: front
2020-05-10 11:29:27: Starting sprinkler: terrace
2020-05-10 11:29:33: Stopping sprinkler: terrace
2020-05-10 11:29:33: Starting sprinkler: japanese
2020-05-10 11:29:39: Stopping sprinkler: japanese
2020-05-10 11:29:39: Starting sprinkler: grill-kitchen
2020-05-10 11:29:45: Stopping sprinkler: grill-kitchen
2020-05-10 11:29:45: Starting sprinkler: fruit-1
2020-05-10 11:29:51: Stopping sprinkler: fruit-1
2020-05-10 11:29:51: Starting sprinkler: fruit-2
2020-05-10 11:29:57: Stopping sprinkler: fruit-2
2020-05-10 11:29:57: Starting sprinkler: backup
2020-05-10 11:30:03: Stopping sprinkler: backup
2020-05-10 11:30:03: Stopping Pump
Starting new run now: 2020-05-10 11:35:02
2020-05-10 11:35:02: Starting Pump
2020-05-10 11:35:02: Starting sprinkler: front
2020-05-10 11:35:08: Stopping sprinkler: front
2020-05-10 11:35:08: Starting sprinkler: terrace
2020-05-10 11:35:14: Stopping sprinkler: terrace
2020-05-10 11:35:14: Starting sprinkler: japanese
2020-05-10 11:35:20: Stopping sprinkler: japanese
2020-05-10 11:35:20: Starting sprinkler: grill-kitchen
2020-05-10 11:35:26: Stopping sprinkler: grill-kitchen
2020-05-10 11:35:26: Starting sprinkler: fruit-1
2020-05-10 11:35:32: Stopping sprinkler: fruit-1
2020-05-10 11:35:32: Starting sprinkler: fruit-2
2020-05-10 11:35:38: Stopping sprinkler: fruit-2
2020-05-10 11:35:38: Starting sprinkler: backup
2020-05-10 11:35:44: Stopping sprinkler: backup
2020-05-10 11:35:44: Stopping Pump
Starting new run now: 2020-05-10 11:37:02
2020-05-10 11:37:02: Starting Pump
2020-05-10 11:37:02: Starting sprinkler: front
2020-05-10 11:37:08: Stopping sprinkler: front
2020-05-10 11:37:08: Starting sprinkler: terrace
2020-05-10 11:37:14: Stopping sprinkler: terrace
2020-05-10 11:37:14: Starting sprinkler: japanese
2020-05-10 11:37:20: Stopping sprinkler: japanese
2020-05-10 11:37:20: Starting sprinkler: grill-kitchen
2020-05-10 11:37:26: Stopping sprinkler: grill-kitchen
2020-05-10 11:37:26: Starting sprinkler: fruit-1
2020-05-10 11:37:32: Stopping sprinkler: fruit-1
2020-05-10 11:37:32: Starting sprinkler: fruit-2
2020-05-10 11:37:38: Stopping sprinkler: fruit-2
2020-05-10 11:37:38: Starting sprinkler: backup
2020-05-10 11:37:44: Stopping sprinkler: backup
2020-05-10 11:37:44: Stopping Pump
2020-05-10 11:21:01: Starting Pump
2020-05-10 11:21:01: Starting sprinkler: front
2020-05-10 11:26:21: Stopping sprinkler: front
2020-05-10 11:26:21: Starting sprinkler: terrace
2020-05-10 11:31:42: Stopping sprinkler: terrace
2020-05-10 11:31:42: Starting sprinkler: japanese
2020-05-10 11:37:02: Stopping sprinkler: japanese
2020-05-10 11:37:02: Starting sprinkler: grill-kitchen
2020-05-10 11:42:22: Stopping sprinkler: grill-kitchen
2020-05-10 11:42:22: Starting sprinkler: fruit-1
2020-05-10 11:47:42: Stopping sprinkler: fruit-1
2020-05-10 11:47:42: Starting sprinkler: fruit-2
2020-05-10 11:53:02: Stopping sprinkler: fruit-2
2020-05-10 11:53:02: Starting sprinkler: backup
2020-05-10 11:58:22: Stopping sprinkler: backup
2020-05-10 11:58:22: Stopping Pump
2020-05-10 11:23:01: Starting Pump
2020-05-10 11:23:01: Starting sprinkler: front
2020-05-10 11:28:22: Stopping sprinkler: front
2020-05-10 11:28:22: Starting sprinkler: terrace
2020-05-10 11:33:42: Stopping sprinkler: terrace
2020-05-10 11:33:42: Starting sprinkler: japanese
2020-05-10 11:39:02: Stopping sprinkler: japanese
2020-05-10 11:39:02: Starting sprinkler: grill-kitchen
2020-05-10 11:44:22: Stopping sprinkler: grill-kitchen
2020-05-10 11:44:22: Starting sprinkler: fruit-1
2020-05-10 11:49:42: Stopping sprinkler: fruit-1
2020-05-10 11:49:42: Starting sprinkler: fruit-2
2020-05-10 11:55:02: Stopping sprinkler: fruit-2
2020-05-10 11:55:02: Starting sprinkler: backup
2020-05-10 12:00:22: Stopping sprinkler: backup
2020-05-10 12:00:22: Stopping Pump
Starting new run now: 2020-05-10 14:50:27
2020-05-10 14:50:27: Starting Pump
2020-05-10 14:50:27: An error has occurred: global name 'sprinkle_duration' is not defined 
Starting new run now: 2020-05-10 14:51:54
2020-05-10 14:51:54: Starting Pump
2020-05-10 14:51:54: An error has occurred: global name 'sprinkle_duration' is not defined 
Starting new run now: 2020-05-10 14:52:39
2020-05-10 14:52:39: Starting Pump
2020-05-10 14:52:39: Starting sprinkler: front; duration: 10 minutes
2020-05-10 14:52:39: An error has occurred: a float is required 
Starting new run now: 2020-05-10 14:53:35
2020-05-10 14:53:35: Starting Pump
2020-05-10 14:53:35: An error has occurred: float argument required, not str 
Starting new run now: 2020-05-10 14:54:45
2020-05-10 14:54:45: Starting Pump
2020-05-10 14:54:45: Starting sprinkler: front; duration: 10 minutes
2020-05-10 15:04:46: Stopping sprinkler: front
2020-05-10 15:04:46: Starting sprinkler: terrace; duration: 15 minutes
2020-05-10 15:19:47: Stopping sprinkler: terrace
2020-05-10 15:19:47: Starting sprinkler: japanese; duration: 20 minutes
2020-05-10 15:39:48: Stopping sprinkler: japanese
2020-05-10 15:39:48: Starting sprinkler: grill-kitchen; duration: 20 minutes
2020-05-10 15:59:49: Stopping sprinkler: grill-kitchen
2020-05-10 15:59:49: Starting sprinkler: fruit-1; duration: 20 minutes
2020-05-10 16:19:50: Stopping sprinkler: fruit-1
2020-05-10 16:19:50: Starting sprinkler: fruit-2; duration: 20 minutes
2020-05-10 16:39:51: Stopping sprinkler: fruit-2
2020-05-10 16:39:51: Starting sprinkler: backup; duration: 15 minutes
2020-05-10 16:54:52: Stopping sprinkler: backup
2020-05-10 16:54:52: Stopping Pump
Starting new run now: 2020-05-10 18:37:02
2020-05-10 18:37:02: Starting Pump
2020-05-10 18:37:02: Starting sprinkler: front; duration: 10 minutes
2020-05-10 18:47:03: Stopping sprinkler: front
2020-05-10 18:47:03: Starting sprinkler: terrace; duration: 15 minutes
2020-05-10 19:02:04: Stopping sprinkler: terrace
2020-05-10 19:02:04: Starting sprinkler: japanese; duration: 20 minutes
2020-05-10 19:22:05: Stopping sprinkler: japanese
2020-05-10 19:22:05: Starting sprinkler: grill-kitchen; duration: 20 minutes
2020-05-10 19:42:07: Stopping sprinkler: grill-kitchen
2020-05-10 19:42:07: Starting sprinkler: fruit-1; duration: 20 minutes
2020-05-10 20:02:08: Stopping sprinkler: fruit-1
2020-05-10 20:02:08: Starting sprinkler: fruit-2; duration: 20 minutes
2020-05-10 20:22:09: Stopping sprinkler: fruit-2
2020-05-10 20:22:09: Starting sprinkler: backup; duration: 15 minutes
2020-05-10 20:37:10: Stopping sprinkler: backup
2020-05-10 20:37:10: Stopping Pump
Starting new run now: 2020-05-11 08:37:03
2020-05-11 08:37:03: Starting Pump
2020-05-11 08:37:03: Starting sprinkler: front; duration: 10 minutes
2020-05-11 08:47:04: Stopping sprinkler: front
2020-05-11 08:47:04: Starting sprinkler: terrace; duration: 15 minutes
2020-05-11 09:02:05: Stopping sprinkler: terrace
2020-05-11 09:02:05: Starting sprinkler: japanese; duration: 20 minutes
2020-05-11 09:22:06: Stopping sprinkler: japanese
2020-05-11 09:22:06: Starting sprinkler: grill-kitchen; duration: 20 minutes
2020-05-11 09:42:07: Stopping sprinkler: grill-kitchen
2020-05-11 09:42:07: Starting sprinkler: fruit-1; duration: 20 minutes
2020-05-11 10:02:08: Stopping sprinkler: fruit-1
2020-05-11 10:02:08: Starting sprinkler: fruit-2; duration: 20 minutes
2020-05-11 10:22:09: Stopping sprinkler: fruit-2
2020-05-11 10:22:09: Starting sprinkler: backup; duration: 15 minutes
2020-05-11 10:37:10: Stopping sprinkler: backup
2020-05-11 10:37:10: Stopping Pump
